<?xml version="1.0" encoding="UTF-8"?>
<!-- Generated by org.testng.reporters.JUnitReportReporter -->
<testsuite hostname="DESKTOP-QDPNMFL" failures="0" tests="1" name="tests.complete_test$completeTest" time="18.703" errors="0" timestamp="2021-07-24T19:44:06 IST" skipped="0">
  <testcase classname="tests.complete_test$completeTest" name="Login" time="18.703"/>
  <system-out/>
</testsuite> <!-- tests.complete_test$completeTest -->
