<?xml version="1.0" encoding="UTF-8"?>
<!-- Generated by org.testng.reporters.JUnitReportReporter -->
<testsuite hostname="DESKTOP-QDPNMFL" failures="0" tests="1" name="tests.complete_test$login" time="18.759" errors="0" timestamp="2021-07-21T19:38:28 IST" skipped="0">
  <testcase classname="tests.complete_test$login" name="Login" time="18.759"/>
  <system-out/>
</testsuite> <!-- tests.complete_test$login -->
